[2022-05-26 14:53:09,641] {taskinstance.py:1160} INFO - Dependencies all met for <TaskInstance: example_bash_operator.runme_0 manual__2022-05-26T14:53:08.315533+00:00 [queued]>
[2022-05-26 14:53:09,647] {taskinstance.py:1160} INFO - Dependencies all met for <TaskInstance: example_bash_operator.runme_0 manual__2022-05-26T14:53:08.315533+00:00 [queued]>
[2022-05-26 14:53:09,647] {taskinstance.py:1357} INFO - 
--------------------------------------------------------------------------------
[2022-05-26 14:53:09,647] {taskinstance.py:1358} INFO - Starting attempt 1 of 1
[2022-05-26 14:53:09,647] {taskinstance.py:1359} INFO - 
--------------------------------------------------------------------------------
[2022-05-26 14:53:09,659] {taskinstance.py:1378} INFO - Executing <Task(BashOperator): runme_0> on 2022-05-26 14:53:08.315533+00:00
[2022-05-26 14:53:09,662] {standard_task_runner.py:52} INFO - Started process 524 to run task
[2022-05-26 14:53:09,665] {standard_task_runner.py:79} INFO - Running: ['***', 'tasks', 'run', 'example_bash_operator', 'runme_0', 'manual__2022-05-26T14:53:08.315533+00:00', '--job-id', '14', '--raw', '--subdir', '/home/***/.local/lib/python3.7/site-packages/***/example_dags/example_bash_operator.py', '--cfg-path', '/tmp/tmpphtljncf', '--error-file', '/tmp/tmpre0qj4wo']
[2022-05-26 14:53:09,665] {standard_task_runner.py:80} INFO - Job 14: Subtask runme_0
[2022-05-26 14:53:09,709] {task_command.py:370} INFO - Running <TaskInstance: example_bash_operator.runme_0 manual__2022-05-26T14:53:08.315533+00:00 [running]> on host b7bcf2b221fa
[2022-05-26 14:53:09,771] {taskinstance.py:1572} INFO - Exporting the following env vars:
AIRFLOW_CTX_DAG_OWNER=***
AIRFLOW_CTX_DAG_ID=example_bash_operator
AIRFLOW_CTX_TASK_ID=runme_0
AIRFLOW_CTX_EXECUTION_DATE=2022-05-26T14:53:08.315533+00:00
AIRFLOW_CTX_TRY_NUMBER=1
AIRFLOW_CTX_DAG_RUN_ID=manual__2022-05-26T14:53:08.315533+00:00
[2022-05-26 14:53:09,772] {subprocess.py:62} INFO - Tmp dir root location: 
 /tmp
[2022-05-26 14:53:09,772] {subprocess.py:74} INFO - Running command: ['bash', '-c', 'echo "example_bash_operator__runme_0__20220526" && sleep 1']
[2022-05-26 14:53:09,778] {subprocess.py:85} INFO - Output:
[2022-05-26 14:53:09,779] {subprocess.py:92} INFO - example_bash_operator__runme_0__20220526
[2022-05-26 14:53:10,780] {subprocess.py:96} INFO - Command exited with return code 0
[2022-05-26 14:53:10,800] {taskinstance.py:1401} INFO - Marking task as SUCCESS. dag_id=example_bash_operator, task_id=runme_0, execution_date=20220526T145308, start_date=20220526T145309, end_date=20220526T145310
[2022-05-26 14:53:10,840] {local_task_job.py:156} INFO - Task exited with return code 0
[2022-05-26 14:53:10,862] {local_task_job.py:273} INFO - 0 downstream tasks scheduled from follow-on schedule check
