[2022-05-26 18:57:02,834] {taskinstance.py:1160} INFO - Dependencies all met for <TaskInstance: Etl.get_data manual__2022-05-26T18:57:01.359861+00:00 [queued]>
[2022-05-26 18:57:02,841] {taskinstance.py:1160} INFO - Dependencies all met for <TaskInstance: Etl.get_data manual__2022-05-26T18:57:01.359861+00:00 [queued]>
[2022-05-26 18:57:02,841] {taskinstance.py:1357} INFO - 
--------------------------------------------------------------------------------
[2022-05-26 18:57:02,841] {taskinstance.py:1358} INFO - Starting attempt 1 of 1
[2022-05-26 18:57:02,841] {taskinstance.py:1359} INFO - 
--------------------------------------------------------------------------------
[2022-05-26 18:57:02,849] {taskinstance.py:1378} INFO - Executing <Task(_PythonDecoratedOperator): get_data> on 2022-05-26 18:57:01.359861+00:00
[2022-05-26 18:57:02,852] {standard_task_runner.py:52} INFO - Started process 9286 to run task
[2022-05-26 18:57:02,855] {standard_task_runner.py:79} INFO - Running: ['***', 'tasks', 'run', 'Etl', 'get_data', 'manual__2022-05-26T18:57:01.359861+00:00', '--job-id', '27', '--raw', '--subdir', 'DAGS_FOLDER/my_first_dag.py', '--cfg-path', '/tmp/tmp0zg1cnax', '--error-file', '/tmp/tmpif_fav5d']
[2022-05-26 18:57:02,855] {standard_task_runner.py:80} INFO - Job 27: Subtask get_data
[2022-05-26 18:57:02,887] {task_command.py:370} INFO - Running <TaskInstance: Etl.get_data manual__2022-05-26T18:57:01.359861+00:00 [running]> on host b7bcf2b221fa
[2022-05-26 18:57:02,932] {taskinstance.py:1572} INFO - Exporting the following env vars:
AIRFLOW_CTX_DAG_OWNER=***
AIRFLOW_CTX_DAG_ID=Etl
AIRFLOW_CTX_TASK_ID=get_data
AIRFLOW_CTX_EXECUTION_DATE=2022-05-26T18:57:01.359861+00:00
AIRFLOW_CTX_TRY_NUMBER=1
AIRFLOW_CTX_DAG_RUN_ID=manual__2022-05-26T18:57:01.359861+00:00
[2022-05-26 18:57:02,977] {base.py:68} INFO - Using connection ID 'tutorial_pg_conn' for task execution.
[2022-05-26 18:57:02,980] {python.py:173} INFO - Done. Returned value was: None
[2022-05-26 18:57:02,988] {taskinstance.py:1401} INFO - Marking task as SUCCESS. dag_id=Etl, task_id=get_data, execution_date=20220526T185701, start_date=20220526T185702, end_date=20220526T185702
[2022-05-26 18:57:03,026] {local_task_job.py:156} INFO - Task exited with return code 0
[2022-05-26 18:57:03,049] {local_task_job.py:273} INFO - 1 downstream tasks scheduled from follow-on schedule check
