[2022-05-26 14:53:04,753] {taskinstance.py:1160} INFO - Dependencies all met for <TaskInstance: example_bash_operator.runme_2 scheduled__2022-05-25T00:00:00+00:00 [queued]>
[2022-05-26 14:53:04,761] {taskinstance.py:1160} INFO - Dependencies all met for <TaskInstance: example_bash_operator.runme_2 scheduled__2022-05-25T00:00:00+00:00 [queued]>
[2022-05-26 14:53:04,761] {taskinstance.py:1357} INFO - 
--------------------------------------------------------------------------------
[2022-05-26 14:53:04,761] {taskinstance.py:1358} INFO - Starting attempt 1 of 1
[2022-05-26 14:53:04,761] {taskinstance.py:1359} INFO - 
--------------------------------------------------------------------------------
[2022-05-26 14:53:04,774] {taskinstance.py:1378} INFO - Executing <Task(BashOperator): runme_2> on 2022-05-25 00:00:00+00:00
[2022-05-26 14:53:04,778] {standard_task_runner.py:52} INFO - Started process 507 to run task
[2022-05-26 14:53:04,781] {standard_task_runner.py:79} INFO - Running: ['***', 'tasks', 'run', 'example_bash_operator', 'runme_2', 'scheduled__2022-05-25T00:00:00+00:00', '--job-id', '9', '--raw', '--subdir', '/home/***/.local/lib/python3.7/site-packages/***/example_dags/example_bash_operator.py', '--cfg-path', '/tmp/tmpie8yil0a', '--error-file', '/tmp/tmpzr2a0d0z']
[2022-05-26 14:53:04,781] {standard_task_runner.py:80} INFO - Job 9: Subtask runme_2
[2022-05-26 14:53:04,834] {task_command.py:370} INFO - Running <TaskInstance: example_bash_operator.runme_2 scheduled__2022-05-25T00:00:00+00:00 [running]> on host b7bcf2b221fa
[2022-05-26 14:53:04,890] {taskinstance.py:1572} INFO - Exporting the following env vars:
AIRFLOW_CTX_DAG_OWNER=***
AIRFLOW_CTX_DAG_ID=example_bash_operator
AIRFLOW_CTX_TASK_ID=runme_2
AIRFLOW_CTX_EXECUTION_DATE=2022-05-25T00:00:00+00:00
AIRFLOW_CTX_TRY_NUMBER=1
AIRFLOW_CTX_DAG_RUN_ID=scheduled__2022-05-25T00:00:00+00:00
[2022-05-26 14:53:04,891] {subprocess.py:62} INFO - Tmp dir root location: 
 /tmp
[2022-05-26 14:53:04,891] {subprocess.py:74} INFO - Running command: ['bash', '-c', 'echo "example_bash_operator__runme_2__20220525" && sleep 1']
[2022-05-26 14:53:04,899] {subprocess.py:85} INFO - Output:
[2022-05-26 14:53:04,900] {subprocess.py:92} INFO - example_bash_operator__runme_2__20220525
[2022-05-26 14:53:05,902] {subprocess.py:96} INFO - Command exited with return code 0
[2022-05-26 14:53:05,928] {taskinstance.py:1401} INFO - Marking task as SUCCESS. dag_id=example_bash_operator, task_id=runme_2, execution_date=20220525T000000, start_date=20220526T145304, end_date=20220526T145305
[2022-05-26 14:53:05,955] {local_task_job.py:156} INFO - Task exited with return code 0
[2022-05-26 14:53:05,979] {local_task_job.py:273} INFO - 1 downstream tasks scheduled from follow-on schedule check
