[2022-05-26 14:53:04,663] {taskinstance.py:1160} INFO - Dependencies all met for <TaskInstance: example_bash_operator.this_will_skip scheduled__2022-05-25T00:00:00+00:00 [queued]>
[2022-05-26 14:53:04,668] {taskinstance.py:1160} INFO - Dependencies all met for <TaskInstance: example_bash_operator.this_will_skip scheduled__2022-05-25T00:00:00+00:00 [queued]>
[2022-05-26 14:53:04,668] {taskinstance.py:1357} INFO - 
--------------------------------------------------------------------------------
[2022-05-26 14:53:04,668] {taskinstance.py:1358} INFO - Starting attempt 1 of 1
[2022-05-26 14:53:04,668] {taskinstance.py:1359} INFO - 
--------------------------------------------------------------------------------
[2022-05-26 14:53:04,676] {taskinstance.py:1378} INFO - Executing <Task(BashOperator): this_will_skip> on 2022-05-25 00:00:00+00:00
[2022-05-26 14:53:04,679] {standard_task_runner.py:52} INFO - Started process 503 to run task
[2022-05-26 14:53:04,681] {standard_task_runner.py:79} INFO - Running: ['***', 'tasks', 'run', 'example_bash_operator', 'this_will_skip', 'scheduled__2022-05-25T00:00:00+00:00', '--job-id', '6', '--raw', '--subdir', '/home/***/.local/lib/python3.7/site-packages/***/example_dags/example_bash_operator.py', '--cfg-path', '/tmp/tmpngafcn25', '--error-file', '/tmp/tmpsbrr65yy']
[2022-05-26 14:53:04,681] {standard_task_runner.py:80} INFO - Job 6: Subtask this_will_skip
[2022-05-26 14:53:04,716] {task_command.py:370} INFO - Running <TaskInstance: example_bash_operator.this_will_skip scheduled__2022-05-25T00:00:00+00:00 [running]> on host b7bcf2b221fa
[2022-05-26 14:53:04,781] {taskinstance.py:1572} INFO - Exporting the following env vars:
AIRFLOW_CTX_DAG_OWNER=***
AIRFLOW_CTX_DAG_ID=example_bash_operator
AIRFLOW_CTX_TASK_ID=this_will_skip
AIRFLOW_CTX_EXECUTION_DATE=2022-05-25T00:00:00+00:00
AIRFLOW_CTX_TRY_NUMBER=1
AIRFLOW_CTX_DAG_RUN_ID=scheduled__2022-05-25T00:00:00+00:00
[2022-05-26 14:53:04,782] {subprocess.py:62} INFO - Tmp dir root location: 
 /tmp
[2022-05-26 14:53:04,782] {subprocess.py:74} INFO - Running command: ['bash', '-c', 'echo "hello world"; exit 99;']
[2022-05-26 14:53:04,794] {subprocess.py:85} INFO - Output:
[2022-05-26 14:53:04,796] {subprocess.py:92} INFO - hello world
[2022-05-26 14:53:04,796] {subprocess.py:96} INFO - Command exited with return code 99
[2022-05-26 14:53:04,797] {taskinstance.py:1479} INFO - Bash command returned exit code 99. Skipping.
[2022-05-26 14:53:04,813] {taskinstance.py:1401} INFO - Marking task as SKIPPED. dag_id=example_bash_operator, task_id=this_will_skip, execution_date=20220525T000000, start_date=20220526T145304, end_date=20220526T145304
[2022-05-26 14:53:04,853] {local_task_job.py:156} INFO - Task exited with return code 0
[2022-05-26 14:53:04,886] {local_task_job.py:273} INFO - 0 downstream tasks scheduled from follow-on schedule check
