[2022-05-26 18:55:40,175] {taskinstance.py:1160} INFO - Dependencies all met for <TaskInstance: Etl.get_data scheduled__2022-05-25T00:00:00+00:00 [queued]>
[2022-05-26 18:55:40,182] {taskinstance.py:1160} INFO - Dependencies all met for <TaskInstance: Etl.get_data scheduled__2022-05-25T00:00:00+00:00 [queued]>
[2022-05-26 18:55:40,182] {taskinstance.py:1357} INFO - 
--------------------------------------------------------------------------------
[2022-05-26 18:55:40,182] {taskinstance.py:1358} INFO - Starting attempt 1 of 1
[2022-05-26 18:55:40,182] {taskinstance.py:1359} INFO - 
--------------------------------------------------------------------------------
[2022-05-26 18:55:40,191] {taskinstance.py:1378} INFO - Executing <Task(_PythonDecoratedOperator): get_data> on 2022-05-25 00:00:00+00:00
[2022-05-26 18:55:40,194] {standard_task_runner.py:52} INFO - Started process 9215 to run task
[2022-05-26 18:55:40,196] {standard_task_runner.py:79} INFO - Running: ['***', 'tasks', 'run', 'Etl', 'get_data', 'scheduled__2022-05-25T00:00:00+00:00', '--job-id', '23', '--raw', '--subdir', 'DAGS_FOLDER/my_first_dag.py', '--cfg-path', '/tmp/tmpmvg6b5w3', '--error-file', '/tmp/tmpvpw3jkcw']
[2022-05-26 18:55:40,196] {standard_task_runner.py:80} INFO - Job 23: Subtask get_data
[2022-05-26 18:55:40,229] {task_command.py:370} INFO - Running <TaskInstance: Etl.get_data scheduled__2022-05-25T00:00:00+00:00 [running]> on host b7bcf2b221fa
[2022-05-26 18:55:40,274] {taskinstance.py:1572} INFO - Exporting the following env vars:
AIRFLOW_CTX_DAG_OWNER=***
AIRFLOW_CTX_DAG_ID=Etl
AIRFLOW_CTX_TASK_ID=get_data
AIRFLOW_CTX_EXECUTION_DATE=2022-05-25T00:00:00+00:00
AIRFLOW_CTX_TRY_NUMBER=1
AIRFLOW_CTX_DAG_RUN_ID=scheduled__2022-05-25T00:00:00+00:00
[2022-05-26 18:55:40,507] {base.py:68} INFO - Using connection ID 'tutorial_pg_conn' for task execution.
[2022-05-26 18:55:40,512] {python.py:173} INFO - Done. Returned value was: None
[2022-05-26 18:55:40,522] {taskinstance.py:1401} INFO - Marking task as SUCCESS. dag_id=Etl, task_id=get_data, execution_date=20220525T000000, start_date=20220526T185540, end_date=20220526T185540
[2022-05-26 18:55:40,568] {local_task_job.py:156} INFO - Task exited with return code 0
[2022-05-26 18:55:40,591] {local_task_job.py:273} INFO - 1 downstream tasks scheduled from follow-on schedule check
