[2022-05-26 14:53:04,726] {taskinstance.py:1160} INFO - Dependencies all met for <TaskInstance: example_bash_operator.also_run_this scheduled__2022-05-25T00:00:00+00:00 [queued]>
[2022-05-26 14:53:04,733] {taskinstance.py:1160} INFO - Dependencies all met for <TaskInstance: example_bash_operator.also_run_this scheduled__2022-05-25T00:00:00+00:00 [queued]>
[2022-05-26 14:53:04,734] {taskinstance.py:1357} INFO - 
--------------------------------------------------------------------------------
[2022-05-26 14:53:04,734] {taskinstance.py:1358} INFO - Starting attempt 1 of 1
[2022-05-26 14:53:04,734] {taskinstance.py:1359} INFO - 
--------------------------------------------------------------------------------
[2022-05-26 14:53:04,744] {taskinstance.py:1378} INFO - Executing <Task(BashOperator): also_run_this> on 2022-05-25 00:00:00+00:00
[2022-05-26 14:53:04,748] {standard_task_runner.py:52} INFO - Started process 506 to run task
[2022-05-26 14:53:04,750] {standard_task_runner.py:79} INFO - Running: ['***', 'tasks', 'run', 'example_bash_operator', 'also_run_this', 'scheduled__2022-05-25T00:00:00+00:00', '--job-id', '8', '--raw', '--subdir', '/home/***/.local/lib/python3.7/site-packages/***/example_dags/example_bash_operator.py', '--cfg-path', '/tmp/tmpp8v7j8xg', '--error-file', '/tmp/tmpjk7cyort']
[2022-05-26 14:53:04,750] {standard_task_runner.py:80} INFO - Job 8: Subtask also_run_this
[2022-05-26 14:53:04,799] {task_command.py:370} INFO - Running <TaskInstance: example_bash_operator.also_run_this scheduled__2022-05-25T00:00:00+00:00 [running]> on host b7bcf2b221fa
[2022-05-26 14:53:04,857] {taskinstance.py:1572} INFO - Exporting the following env vars:
AIRFLOW_CTX_DAG_OWNER=***
AIRFLOW_CTX_DAG_ID=example_bash_operator
AIRFLOW_CTX_TASK_ID=also_run_this
AIRFLOW_CTX_EXECUTION_DATE=2022-05-25T00:00:00+00:00
AIRFLOW_CTX_TRY_NUMBER=1
AIRFLOW_CTX_DAG_RUN_ID=scheduled__2022-05-25T00:00:00+00:00
[2022-05-26 14:53:04,858] {subprocess.py:62} INFO - Tmp dir root location: 
 /tmp
[2022-05-26 14:53:04,858] {subprocess.py:74} INFO - Running command: ['bash', '-c', 'echo "run_id=scheduled__2022-05-25T00:00:00+00:00 | dag_run=<DagRun example_bash_operator @ 2022-05-25 00:00:00+00:00: scheduled__2022-05-25T00:00:00+00:00, externally triggered: False>"']
[2022-05-26 14:53:04,868] {subprocess.py:85} INFO - Output:
[2022-05-26 14:53:04,869] {subprocess.py:92} INFO - run_id=scheduled__2022-05-25T00:00:00+00:00 | dag_run=<DagRun example_bash_operator @ 2022-05-25 00:00:00+00:00: scheduled__2022-05-25T00:00:00+00:00, externally triggered: False>
[2022-05-26 14:53:04,870] {subprocess.py:96} INFO - Command exited with return code 0
[2022-05-26 14:53:04,899] {taskinstance.py:1401} INFO - Marking task as SUCCESS. dag_id=example_bash_operator, task_id=also_run_this, execution_date=20220525T000000, start_date=20220526T145304, end_date=20220526T145304
[2022-05-26 14:53:04,922] {local_task_job.py:156} INFO - Task exited with return code 0
[2022-05-26 14:53:04,942] {local_task_job.py:273} INFO - 0 downstream tasks scheduled from follow-on schedule check
