[2022-05-26 18:08:53,759] {taskinstance.py:1160} INFO - Dependencies all met for <TaskInstance: postgres_operator_dag.create_employees_table scheduled__2020-02-02T00:00:00+00:00 [queued]>
[2022-05-26 18:08:53,766] {taskinstance.py:1160} INFO - Dependencies all met for <TaskInstance: postgres_operator_dag.create_employees_table scheduled__2020-02-02T00:00:00+00:00 [queued]>
[2022-05-26 18:08:53,766] {taskinstance.py:1357} INFO - 
--------------------------------------------------------------------------------
[2022-05-26 18:08:53,766] {taskinstance.py:1358} INFO - Starting attempt 1 of 1
[2022-05-26 18:08:53,766] {taskinstance.py:1359} INFO - 
--------------------------------------------------------------------------------
[2022-05-26 18:08:53,774] {taskinstance.py:1378} INFO - Executing <Task(PostgresOperator): create_employees_table> on 2020-02-02 00:00:00+00:00
[2022-05-26 18:08:53,777] {standard_task_runner.py:52} INFO - Started process 6904 to run task
[2022-05-26 18:08:53,778] {standard_task_runner.py:79} INFO - Running: ['***', 'tasks', 'run', 'postgres_operator_dag', 'create_employees_table', 'scheduled__2020-02-02T00:00:00+00:00', '--job-id', '20', '--raw', '--subdir', 'DAGS_FOLDER/my_first_dag.py', '--cfg-path', '/tmp/tmp2ncy74cm', '--error-file', '/tmp/tmp3mbmq665']
[2022-05-26 18:08:53,779] {standard_task_runner.py:80} INFO - Job 20: Subtask create_employees_table
[2022-05-26 18:08:53,807] {task_command.py:370} INFO - Running <TaskInstance: postgres_operator_dag.create_employees_table scheduled__2020-02-02T00:00:00+00:00 [running]> on host b7bcf2b221fa
[2022-05-26 18:08:53,853] {taskinstance.py:1572} INFO - Exporting the following env vars:
AIRFLOW_CTX_DAG_OWNER=***
AIRFLOW_CTX_DAG_ID=postgres_operator_dag
AIRFLOW_CTX_TASK_ID=create_employees_table
AIRFLOW_CTX_EXECUTION_DATE=2020-02-02T00:00:00+00:00
AIRFLOW_CTX_TRY_NUMBER=1
AIRFLOW_CTX_DAG_RUN_ID=scheduled__2020-02-02T00:00:00+00:00
[2022-05-26 18:08:53,860] {base.py:68} INFO - Using connection ID 'tutorial_pg_conn' for task execution.
[2022-05-26 18:08:53,863] {dbapi.py:208} INFO - Running statement: 
            CREATE TABLE IF NOT EXISTS employees (
                "Serial Number" NUMERIC PRIMARY KEY,
                "Company Name" TEXT,
                "Employee Markme" TEXT,
                "Description" TEXT,
                "Leave" INTEGER
            );, parameters: None
[2022-05-26 18:08:53,874] {taskinstance.py:1401} INFO - Marking task as SUCCESS. dag_id=postgres_operator_dag, task_id=create_employees_table, execution_date=20200202T000000, start_date=20220526T180853, end_date=20220526T180853
[2022-05-26 18:08:53,910] {local_task_job.py:156} INFO - Task exited with return code 0
[2022-05-26 18:08:53,929] {local_task_job.py:273} INFO - 0 downstream tasks scheduled from follow-on schedule check
