[2022-05-26 14:53:09,612] {taskinstance.py:1160} INFO - Dependencies all met for <TaskInstance: example_bash_operator.runme_2 manual__2022-05-26T14:53:08.315533+00:00 [queued]>
[2022-05-26 14:53:09,618] {taskinstance.py:1160} INFO - Dependencies all met for <TaskInstance: example_bash_operator.runme_2 manual__2022-05-26T14:53:08.315533+00:00 [queued]>
[2022-05-26 14:53:09,619] {taskinstance.py:1357} INFO - 
--------------------------------------------------------------------------------
[2022-05-26 14:53:09,619] {taskinstance.py:1358} INFO - Starting attempt 1 of 1
[2022-05-26 14:53:09,619] {taskinstance.py:1359} INFO - 
--------------------------------------------------------------------------------
[2022-05-26 14:53:09,634] {taskinstance.py:1378} INFO - Executing <Task(BashOperator): runme_2> on 2022-05-26 14:53:08.315533+00:00
[2022-05-26 14:53:09,650] {standard_task_runner.py:52} INFO - Started process 523 to run task
[2022-05-26 14:53:09,653] {standard_task_runner.py:79} INFO - Running: ['***', 'tasks', 'run', 'example_bash_operator', 'runme_2', 'manual__2022-05-26T14:53:08.315533+00:00', '--job-id', '13', '--raw', '--subdir', '/home/***/.local/lib/python3.7/site-packages/***/example_dags/example_bash_operator.py', '--cfg-path', '/tmp/tmpx9m2q31a', '--error-file', '/tmp/tmpz3o9pb07']
[2022-05-26 14:53:09,653] {standard_task_runner.py:80} INFO - Job 13: Subtask runme_2
[2022-05-26 14:53:09,700] {task_command.py:370} INFO - Running <TaskInstance: example_bash_operator.runme_2 manual__2022-05-26T14:53:08.315533+00:00 [running]> on host b7bcf2b221fa
[2022-05-26 14:53:09,757] {taskinstance.py:1572} INFO - Exporting the following env vars:
AIRFLOW_CTX_DAG_OWNER=***
AIRFLOW_CTX_DAG_ID=example_bash_operator
AIRFLOW_CTX_TASK_ID=runme_2
AIRFLOW_CTX_EXECUTION_DATE=2022-05-26T14:53:08.315533+00:00
AIRFLOW_CTX_TRY_NUMBER=1
AIRFLOW_CTX_DAG_RUN_ID=manual__2022-05-26T14:53:08.315533+00:00
[2022-05-26 14:53:09,758] {subprocess.py:62} INFO - Tmp dir root location: 
 /tmp
[2022-05-26 14:53:09,758] {subprocess.py:74} INFO - Running command: ['bash', '-c', 'echo "example_bash_operator__runme_2__20220526" && sleep 1']
[2022-05-26 14:53:09,765] {subprocess.py:85} INFO - Output:
[2022-05-26 14:53:09,766] {subprocess.py:92} INFO - example_bash_operator__runme_2__20220526
[2022-05-26 14:53:10,767] {subprocess.py:96} INFO - Command exited with return code 0
[2022-05-26 14:53:10,788] {taskinstance.py:1401} INFO - Marking task as SUCCESS. dag_id=example_bash_operator, task_id=runme_2, execution_date=20220526T145308, start_date=20220526T145309, end_date=20220526T145310
[2022-05-26 14:53:10,828] {local_task_job.py:156} INFO - Task exited with return code 0
[2022-05-26 14:53:10,852] {local_task_job.py:273} INFO - 1 downstream tasks scheduled from follow-on schedule check
