[2022-05-27 08:19:07,692] {taskinstance.py:1160} INFO - Dependencies all met for <TaskInstance: Etl.create_employees_temp_table scheduled__2022-05-26T00:00:00+00:00 [queued]>
[2022-05-27 08:19:07,701] {taskinstance.py:1160} INFO - Dependencies all met for <TaskInstance: Etl.create_employees_temp_table scheduled__2022-05-26T00:00:00+00:00 [queued]>
[2022-05-27 08:19:07,702] {taskinstance.py:1357} INFO - 
--------------------------------------------------------------------------------
[2022-05-27 08:19:07,702] {taskinstance.py:1358} INFO - Starting attempt 1 of 1
[2022-05-27 08:19:07,702] {taskinstance.py:1359} INFO - 
--------------------------------------------------------------------------------
[2022-05-27 08:19:07,714] {taskinstance.py:1378} INFO - Executing <Task(PostgresOperator): create_employees_temp_table> on 2022-05-26 00:00:00+00:00
[2022-05-27 08:19:07,717] {standard_task_runner.py:52} INFO - Started process 59 to run task
[2022-05-27 08:19:07,719] {standard_task_runner.py:79} INFO - Running: ['***', 'tasks', 'run', 'Etl', 'create_employees_temp_table', 'scheduled__2022-05-26T00:00:00+00:00', '--job-id', '32', '--raw', '--subdir', 'DAGS_FOLDER/my_first_dag.py', '--cfg-path', '/tmp/tmpn5q2jvhx', '--error-file', '/tmp/tmpe0ev7hiw']
[2022-05-27 08:19:07,719] {standard_task_runner.py:80} INFO - Job 32: Subtask create_employees_temp_table
[2022-05-27 08:19:07,753] {task_command.py:370} INFO - Running <TaskInstance: Etl.create_employees_temp_table scheduled__2022-05-26T00:00:00+00:00 [running]> on host b7bcf2b221fa
[2022-05-27 08:19:07,807] {taskinstance.py:1572} INFO - Exporting the following env vars:
AIRFLOW_CTX_DAG_OWNER=***
AIRFLOW_CTX_DAG_ID=Etl
AIRFLOW_CTX_TASK_ID=create_employees_temp_table
AIRFLOW_CTX_EXECUTION_DATE=2022-05-26T00:00:00+00:00
AIRFLOW_CTX_TRY_NUMBER=1
AIRFLOW_CTX_DAG_RUN_ID=scheduled__2022-05-26T00:00:00+00:00
[2022-05-27 08:19:07,814] {base.py:68} INFO - Using connection ID 'tutorial_pg_conn' for task execution.
[2022-05-27 08:19:07,816] {dbapi.py:208} INFO - Running statement: 
            DROP TABLE IF EXISTS employees_temp;
            CREATE TABLE employees_temp (
                "Serial Number" NUMERIC PRIMARY KEY,
                "Company Name" TEXT,
                "Employee Markme" TEXT,
                "Description" TEXT,
                "Leave" INTEGER
            );, parameters: None
[2022-05-27 08:19:07,836] {taskinstance.py:1401} INFO - Marking task as SUCCESS. dag_id=Etl, task_id=create_employees_temp_table, execution_date=20220526T000000, start_date=20220527T081907, end_date=20220527T081907
[2022-05-27 08:19:07,851] {local_task_job.py:156} INFO - Task exited with return code 0
[2022-05-27 08:19:07,886] {local_task_job.py:273} INFO - 1 downstream tasks scheduled from follow-on schedule check
