[2022-05-26 14:53:09,586] {taskinstance.py:1160} INFO - Dependencies all met for <TaskInstance: example_bash_operator.this_will_skip manual__2022-05-26T14:53:08.315533+00:00 [queued]>
[2022-05-26 14:53:09,593] {taskinstance.py:1160} INFO - Dependencies all met for <TaskInstance: example_bash_operator.this_will_skip manual__2022-05-26T14:53:08.315533+00:00 [queued]>
[2022-05-26 14:53:09,593] {taskinstance.py:1357} INFO - 
--------------------------------------------------------------------------------
[2022-05-26 14:53:09,593] {taskinstance.py:1358} INFO - Starting attempt 1 of 1
[2022-05-26 14:53:09,593] {taskinstance.py:1359} INFO - 
--------------------------------------------------------------------------------
[2022-05-26 14:53:09,603] {taskinstance.py:1378} INFO - Executing <Task(BashOperator): this_will_skip> on 2022-05-26 14:53:08.315533+00:00
[2022-05-26 14:53:09,607] {standard_task_runner.py:52} INFO - Started process 522 to run task
[2022-05-26 14:53:09,609] {standard_task_runner.py:79} INFO - Running: ['***', 'tasks', 'run', 'example_bash_operator', 'this_will_skip', 'manual__2022-05-26T14:53:08.315533+00:00', '--job-id', '12', '--raw', '--subdir', '/home/***/.local/lib/python3.7/site-packages/***/example_dags/example_bash_operator.py', '--cfg-path', '/tmp/tmpgn_yh11k', '--error-file', '/tmp/tmppt7i_hei']
[2022-05-26 14:53:09,610] {standard_task_runner.py:80} INFO - Job 12: Subtask this_will_skip
[2022-05-26 14:53:09,661] {task_command.py:370} INFO - Running <TaskInstance: example_bash_operator.this_will_skip manual__2022-05-26T14:53:08.315533+00:00 [running]> on host b7bcf2b221fa
[2022-05-26 14:53:09,728] {taskinstance.py:1572} INFO - Exporting the following env vars:
AIRFLOW_CTX_DAG_OWNER=***
AIRFLOW_CTX_DAG_ID=example_bash_operator
AIRFLOW_CTX_TASK_ID=this_will_skip
AIRFLOW_CTX_EXECUTION_DATE=2022-05-26T14:53:08.315533+00:00
AIRFLOW_CTX_TRY_NUMBER=1
AIRFLOW_CTX_DAG_RUN_ID=manual__2022-05-26T14:53:08.315533+00:00
[2022-05-26 14:53:09,729] {subprocess.py:62} INFO - Tmp dir root location: 
 /tmp
[2022-05-26 14:53:09,729] {subprocess.py:74} INFO - Running command: ['bash', '-c', 'echo "hello world"; exit 99;']
[2022-05-26 14:53:09,738] {subprocess.py:85} INFO - Output:
[2022-05-26 14:53:09,739] {subprocess.py:92} INFO - hello world
[2022-05-26 14:53:09,739] {subprocess.py:96} INFO - Command exited with return code 99
[2022-05-26 14:53:09,740] {taskinstance.py:1479} INFO - Bash command returned exit code 99. Skipping.
[2022-05-26 14:53:09,749] {taskinstance.py:1401} INFO - Marking task as SKIPPED. dag_id=example_bash_operator, task_id=this_will_skip, execution_date=20220526T145308, start_date=20220526T145309, end_date=20220526T145309
[2022-05-26 14:53:09,782] {local_task_job.py:156} INFO - Task exited with return code 0
[2022-05-26 14:53:09,808] {local_task_job.py:273} INFO - 0 downstream tasks scheduled from follow-on schedule check
