[2022-05-26 18:08:53,739] {taskinstance.py:1160} INFO - Dependencies all met for <TaskInstance: postgres_operator_dag.create_employees_temp_table scheduled__2020-02-02T00:00:00+00:00 [queued]>
[2022-05-26 18:08:53,746] {taskinstance.py:1160} INFO - Dependencies all met for <TaskInstance: postgres_operator_dag.create_employees_temp_table scheduled__2020-02-02T00:00:00+00:00 [queued]>
[2022-05-26 18:08:53,746] {taskinstance.py:1357} INFO - 
--------------------------------------------------------------------------------
[2022-05-26 18:08:53,746] {taskinstance.py:1358} INFO - Starting attempt 1 of 1
[2022-05-26 18:08:53,746] {taskinstance.py:1359} INFO - 
--------------------------------------------------------------------------------
[2022-05-26 18:08:53,754] {taskinstance.py:1378} INFO - Executing <Task(PostgresOperator): create_employees_temp_table> on 2020-02-02 00:00:00+00:00
[2022-05-26 18:08:53,757] {standard_task_runner.py:52} INFO - Started process 6903 to run task
[2022-05-26 18:08:53,759] {standard_task_runner.py:79} INFO - Running: ['***', 'tasks', 'run', 'postgres_operator_dag', 'create_employees_temp_table', 'scheduled__2020-02-02T00:00:00+00:00', '--job-id', '19', '--raw', '--subdir', 'DAGS_FOLDER/my_first_dag.py', '--cfg-path', '/tmp/tmp5akk1_qa', '--error-file', '/tmp/tmpmfmdjxfk']
[2022-05-26 18:08:53,759] {standard_task_runner.py:80} INFO - Job 19: Subtask create_employees_temp_table
[2022-05-26 18:08:53,788] {task_command.py:370} INFO - Running <TaskInstance: postgres_operator_dag.create_employees_temp_table scheduled__2020-02-02T00:00:00+00:00 [running]> on host b7bcf2b221fa
[2022-05-26 18:08:53,831] {taskinstance.py:1572} INFO - Exporting the following env vars:
AIRFLOW_CTX_DAG_OWNER=***
AIRFLOW_CTX_DAG_ID=postgres_operator_dag
AIRFLOW_CTX_TASK_ID=create_employees_temp_table
AIRFLOW_CTX_EXECUTION_DATE=2020-02-02T00:00:00+00:00
AIRFLOW_CTX_TRY_NUMBER=1
AIRFLOW_CTX_DAG_RUN_ID=scheduled__2020-02-02T00:00:00+00:00
[2022-05-26 18:08:53,838] {base.py:68} INFO - Using connection ID 'tutorial_pg_conn' for task execution.
[2022-05-26 18:08:53,841] {dbapi.py:208} INFO - Running statement: 
            DROP TABLE IF EXISTS employees_temp;
            CREATE TABLE employees_temp (
                "Serial Number" NUMERIC PRIMARY KEY,
                "Company Name" TEXT,
                "Employee Markme" TEXT,
                "Description" TEXT,
                "Leave" INTEGER
            );, parameters: None
[2022-05-26 18:08:53,849] {postgres.py:94} INFO - NOTICE:  table "employees_temp" does not exist, skipping

[2022-05-26 18:08:53,858] {taskinstance.py:1401} INFO - Marking task as SUCCESS. dag_id=postgres_operator_dag, task_id=create_employees_temp_table, execution_date=20200202T000000, start_date=20220526T180853, end_date=20220526T180853
[2022-05-26 18:08:53,890] {local_task_job.py:156} INFO - Task exited with return code 0
[2022-05-26 18:08:53,910] {local_task_job.py:273} INFO - 0 downstream tasks scheduled from follow-on schedule check
